{"level":"info","time":"2022-01-21 15:08:56.252","line":"hxextract/main.go:13","func":"main.main","msg":"Start up"}
{"level":"info","time":"2022-01-21 16:51:11.526","line":"hxextract/main.go:13","func":"main.main","msg":"Start up"}
{"level":"info","time":"2022-01-21 16:54:50.970","line":"hxextract/main.go:13","func":"main.main","msg":"Start up"}
{"level":"info","time":"2022-01-21 16:55:38.548","line":"hxextract/main.go:13","func":"main.main","msg":"Start up"}
{"level":"info","time":"2022-01-21 16:56:18.362","line":"hxextract/main.go:13","func":"main.main","msg":"Start up"}
{"level":"info","time":"2022-01-21 16:56:34.645","line":"hxextract/main.go:13","func":"main.main","msg":"Start up"}
{"level":"info","time":"2022-01-24 14:07:06.601","line":"hxextract/main.go:13","func":"main.main","msg":"Start up"}
{"level":"info","time":"2022-01-24 14:08:45.021","line":"hxextract/main.go:13","func":"main.main","msg":"Start up"}
{"level":"info","time":"2022-01-24 14:13:47.968","line":"hxextract/main.go:13","func":"main.main","msg":"Start up"}
{"level":"info","time":"2022-01-24 14:22:42.659","line":"hxextract/main.go:13","func":"main.main","msg":"Start up"}
{"level":"info","time":"2022-01-24 15:09:44.262","line":"hxextract/main.go:12","func":"main.main","msg":"Start up"}
{"level":"info","time":"2022-01-26 11:02:52.438","line":"hxextract/main.go:12","func":"main.main","msg":"Start up"}
{"level":"fatal","time":"2022-01-26 11:02:52.549","line":"hxextract/main.go:19","func":"main.main","msg":"listen tcp :12345: bind: address already in use"}
{"level":"info","time":"2022-01-26 11:03:22.633","line":"hxextract/main.go:12","func":"main.main","msg":"Start up"}
{"level":"info","time":"2022-01-26 11:10:00.616","line":"hxextract/main.go:12","func":"main.main","msg":"Start up"}
{"level":"info","time":"2022-02-08 16:28:29.590","line":"hxextract/main.go:12","func":"main.main","msg":"Start up"}
{"level":"info","time":"2022-02-08 16:29:27.151","line":"hxextract/main.go:12","func":"main.main","msg":"Start up"}
{"level":"info","time":"2022-02-08 16:29:59.336","line":"hxextract/main.go:12","func":"main.main","msg":"Start up"}
{"level":"info","time":"2022-02-08 16:30:25.328","line":"hxextract/main.go:12","func":"main.main","msg":"Start up"}
{"level":"info","time":"2022-02-08 20:13:06.097","line":"hxextract/main.go:12","func":"main.main","msg":"Start up"}
{"level":"info","time":"2022-02-08 20:13:06.099","line":"dao/db.go:26","func":"hxextract/app/dao.NewDB","msg":"init mysql connection"}
{"level":"info","time":"2022-02-08 20:13:06.116","line":"pg/db.go:62","func":"hxextract/app/dao/pg.NewDB","msg":"init pg connection"}
{"level":"info","time":"2022-02-08 20:13:06.145","line":"pg/db.go:89","func":"hxextract/app/dao/pg.(*DB).taskDbLoad","msg":"init pg task"}
{"level":"info","time":"2022-02-08 21:15:33.944","line":"hxextract/main.go:12","func":"main.main","msg":"Start up"}
{"level":"info","time":"2022-02-08 21:15:33.944","line":"dao/db.go:27","func":"hxextract/app/dao.NewDB","msg":"init mysql connection"}
{"level":"info","time":"2022-02-08 21:15:33.961","line":"pg/db.go:63","func":"hxextract/app/dao/pg.NewDB","msg":"init pg connection"}
{"level":"info","time":"2022-02-08 21:15:33.995","line":"pg/db.go:112","func":"hxextract/app/dao/pg.(*DB).taskDbLoad","msg":"init pg task"}
{"level":"fatal","time":"2022-02-08 21:15:35.749","line":"dapr/server.go:60","func":"hxextract/app/server/dapr.healthCheckHandler","msg":"service unhealthy"}
{"level":"info","time":"2022-02-08 21:16:07.729","line":"hxextract/main.go:12","func":"main.main","msg":"Start up"}
{"level":"info","time":"2022-02-08 21:16:07.730","line":"dao/db.go:27","func":"hxextract/app/dao.NewDB","msg":"init mysql connection"}
{"level":"info","time":"2022-02-08 21:16:07.746","line":"pg/db.go:63","func":"hxextract/app/dao/pg.NewDB","msg":"init pg connection"}
{"level":"info","time":"2022-02-08 21:16:07.762","line":"pg/db.go:112","func":"hxextract/app/dao/pg.(*DB).taskDbLoad","msg":"init pg task"}
{"level":"fatal","time":"2022-02-08 21:16:12.835","line":"dapr/server.go:60","func":"hxextract/app/server/dapr.healthCheckHandler","msg":"service unhealthy"}
{"level":"info","time":"2022-02-08 21:16:25.589","line":"hxextract/main.go:12","func":"main.main","msg":"Start up"}
{"level":"info","time":"2022-02-08 21:16:25.589","line":"dao/db.go:27","func":"hxextract/app/dao.NewDB","msg":"init mysql connection"}
{"level":"info","time":"2022-02-08 21:16:25.606","line":"pg/db.go:63","func":"hxextract/app/dao/pg.NewDB","msg":"init pg connection"}
{"level":"info","time":"2022-02-08 21:16:25.626","line":"pg/db.go:112","func":"hxextract/app/dao/pg.(*DB).taskDbLoad","msg":"init pg task"}
{"level":"info","time":"2022-02-09 11:28:32.859","line":"hxextract/main.go:12","func":"main.main","msg":"Start up"}
{"level":"info","time":"2022-02-09 11:28:32.860","line":"dao/db.go:27","func":"hxextract/app/dao.NewDB","msg":"init mysql connection"}
{"level":"info","time":"2022-02-09 11:28:32.879","line":"pg/db.go:63","func":"hxextract/app/dao/pg.NewDB","msg":"init pg connection"}
{"level":"info","time":"2022-02-09 11:28:32.921","line":"pg/db.go:112","func":"hxextract/app/dao/pg.(*DB).taskDbLoad","msg":"init pg task"}
{"level":"info","time":"2022-02-09 11:28:57.625","line":"dao/dao_pg2mysql_impl.go:41","func":"hxextract/app/dao.(*dao).ExportPgData","msg":"Start to export data from pg","finname":"test_sh.fin","param":{"ProcType":2,"StartDate":20220208,"EndDate":20220209,"CodeList":""}}
{"level":"info","time":"2022-02-09 11:28:57.648","line":"pg/dao_impl.go:45","func":"hxextract/app/dao/pg.execFinSql","msg":"exec sql: select * from testtable where rtime >= to_date('20220208','yyyymmdd') and rtime <= date_trunc('second', timestamp '20220209 23:59:59') order by 1,3;"}
{"level":"error","time":"2022-02-09 11:28:57.682","line":"dao/dao_pg2mysql_impl.go:125","func":"hxextract/app/dao.(*dao).rows2sqls","msg":"sql: Scan called without calling Next"}
{"level":"info","time":"2022-02-09 11:28:57.682","line":"dapr/server.go:78","func":"hxextract/app/server/dapr.exportHandler","msg":"export success","finname":"test_sh.fin"}
{"level":"info","time":"2022-02-09 11:29:27.683","line":"hxextract/main.go:12","func":"main.main","msg":"Start up"}
{"level":"info","time":"2022-02-09 11:29:27.683","line":"dao/db.go:27","func":"hxextract/app/dao.NewDB","msg":"init mysql connection"}
{"level":"info","time":"2022-02-09 11:29:27.701","line":"pg/db.go:63","func":"hxextract/app/dao/pg.NewDB","msg":"init pg connection"}
{"level":"info","time":"2022-02-09 11:29:27.724","line":"pg/db.go:112","func":"hxextract/app/dao/pg.(*DB).taskDbLoad","msg":"init pg task"}
{"level":"info","time":"2022-02-09 11:29:30.269","line":"dao/dao_pg2mysql_impl.go:41","func":"hxextract/app/dao.(*dao).ExportPgData","msg":"Start to export data from pg","finname":"test_sh.fin","param":{"ProcType":2,"StartDate":20220208,"EndDate":20220209,"CodeList":""}}
{"level":"info","time":"2022-02-09 11:29:30.284","line":"pg/dao_impl.go:45","func":"hxextract/app/dao/pg.execFinSql","msg":"exec sql: select * from testtable where rtime >= to_date('20220208','yyyymmdd') and rtime <= date_trunc('second', timestamp '20220209 23:59:59') order by 1,3;"}
{"level":"info","time":"2022-02-09 11:29:30.308","line":"dapr/server.go:78","func":"hxextract/app/server/dapr.exportHandler","msg":"export success","finname":"test_sh.fin"}
